Arguments: 
  /Users/zhuxiaopeng/.nvm/versions/node/v8.11.4/bin/node /usr/local/bin/yarn add

PATH: 
  /Users/zhuxiaopeng/.nvm/versions/node/v8.11.4/bin:/Applications/XAMPP/bin:/Applications/XAMPP/bin:/usr/local/bin:/usr/bin:/bin:/usr/sbin:/sbin:/Applications/Wireshark.app/Contents/MacOS

Yarn version: 
  1.5.1

Node version: 
  8.11.4

Platform: 
  darwin x64

npm manifest: 
  {
    "name": "robotjs",
    "version": "1.0.0",
    "description": "robot factory",
    "main": "index.js",
    "repository": "git@git.zhubajie.la:dept-platform-common/robotjs.git",
    "author": "OrangeBorning <orangeborningzxp@gmail.com>",
    "license": "MIT",
    "dependencies": {
      "chalk": "^2.4.2",
      "moment": "^2.24.0",
      "node-schedule": "^1.3.2"
    }
  }

yarn manifest: 
  No manifest

Lockfile: 
  No lockfile

Trace: 
  Error: Missing list of packages to add to your project.
      at new MessageError (/usr/local/lib/node_modules/yarn/lib/cli.js:186:110)
      at Object.<anonymous> (/usr/local/lib/node_modules/yarn/lib/cli.js:40587:13)
      at Generator.next (<anonymous>)
      at step (/usr/local/lib/node_modules/yarn/lib/cli.js:98:30)
      at /usr/local/lib/node_modules/yarn/lib/cli.js:116:14
      at new Promise (<anonymous>)
      at new F (/usr/local/lib/node_modules/yarn/lib/cli.js:23451:28)
      at Object.<anonymous> (/usr/local/lib/node_modules/yarn/lib/cli.js:95:12)
      at Object.run (/usr/local/lib/node_modules/yarn/lib/cli.js:40599:19)
      at run (/usr/local/lib/node_modules/yarn/lib/cli.js:89113:20)
